parameter file: 1_1.pca.par
### THE INPUT PARAMETERS
##PARAMETER NAME: VALUE
genotypename: geno
snpname: snp
indivname: ind
evecoutname: 1_1.pca.evec
evaloutname: 1_1.eval
altnormstyle: NO
numoutevec: 2
numoutlieriter: 5
numoutlierevec: 10
outliersigmathresh: 6
qtmode: 0
phylipoutname: abs
## smartpca version: 9003
norm used

genetic distance set from physical distance
Multicore implementation; using 8 threads (1 matrix block per side, 8 snp partitions)
trace:  830980.181
REMOVED outlier 10 iter 1 evec 8 sigmage 6.838
number of samples after outlier removal: 68
Multicore implementation; using 8 threads (1 matrix block per side, 8 snp partitions)
trace:  820664.822

## Tracy-Widom statistics: rows: 68  cols: 445287
  #N    eigenvalue  difference    twstat      p-value effect. n
   1      4.249294          NA    16.404  4.07286e-21   139.077
   2      3.036560   -1.212733     8.993  1.26579e-09   180.128
   3      2.650835   -0.385725     6.943  1.59128e-07   203.007
   4      2.247920   -0.402915     2.863   0.00221827   223.002
   5      2.162610   -0.085310     3.309  0.000928718   235.048
   6      1.972762   -0.189848     1.504    0.0231421   249.027
   7      1.847476   -0.125285     0.484    0.0959049   259.844
   8      1.733963   -0.113513    -0.610     0.304734   269.068
   9      1.639865   -0.094098    -1.542     0.587015   276.422
  10      1.572556   -0.067309    -2.025      0.73277   282.155
  11      1.526246   -0.046309    -2.083      0.74852   287.117
  12      1.462789   -0.063457    -2.651     0.877874   292.153
  13      1.429254   -0.033535    -2.514     0.851496   296.146
  14      1.332773   -0.096481    -4.194     0.995631   300.578
  15      1.315175   -0.017597    -3.839     0.988435   301.517
  16      1.267575   -0.047600    -4.348     0.997259   303.180
  17      1.232491   -0.035084    -4.565      0.99864   303.747
  18      1.188695   -0.043796    -5.094     0.999809   303.806
  19      1.156019   -0.032676    -5.354     0.999936   302.674
  20      1.142860   -0.013159    -5.035     0.999758   300.890
  21      1.133665   -0.009195    -4.560      0.99862   299.651
  22      1.127566   -0.006099    -3.934     0.990971   299.368
  23      1.099285   -0.028281    -3.970     0.991798   300.534
  24      1.083755   -0.015530    -3.596     0.979158   301.565
  25      1.048925   -0.034830    -3.850     0.988763   303.580
  26      1.023343   -0.025581    -3.838     0.988403   304.854
  27      0.991655   -0.031688    -4.063      0.99364   306.112
  28      0.981934   -0.009721    -3.533     0.975913   306.630
  29      0.927137   -0.054798    -4.629     0.998909   308.738
  30      0.907283   -0.019854    -4.578     0.998701   307.296
  31      0.870526   -0.036756    -5.187      0.99987   305.812
  32      0.858864   -0.011663    -4.907     0.999602   302.234
  33      0.847814   -0.011049    -4.576     0.998693   299.235
  34      0.832793   -0.015022    -4.368     0.997424   297.044
  35      0.813736   -0.019057    -4.305     0.996863   295.313
  36      0.800836   -0.012900    -3.992     0.992266   293.549
  37      0.795218   -0.005619    -3.338     0.963389   292.726
  38      0.788819   -0.006399    -2.608     0.869819   294.496
  39      0.763273   -0.025545    -2.580     0.864523   299.820
  40      0.759498   -0.003775    -1.586     0.600974   305.456
  41      0.705455   -0.054044    -2.745     0.894056   317.722
  42      0.681928   -0.023527    -2.773     0.898582   322.801
  43      0.645507   -0.036421    -3.498     0.973972   327.735
  44      0.637247   -0.008260    -2.953     0.924517   327.635
  45      0.616612   -0.020635    -2.962     0.925602   331.017
  46      0.607067   -0.009545    -2.394     0.825828   334.110
  47      0.583570   -0.023497    -2.485     0.845565   342.073
  48      0.566589   -0.016981    -2.262     0.794931   349.287
  49      0.521522   -0.045066    -3.718     0.984384   359.088
  50      0.514285   -0.007237    -3.250      0.95637   352.852
  51      0.507500   -0.006785    -2.661     0.879519   350.241
  52      0.494209   -0.013292    -2.338     0.813092   353.878
  53      0.481308   -0.012900    -1.913     0.700732   361.701
  54      0.462942   -0.018366    -1.738     0.648282   377.194
  55      0.437901   -0.025041    -2.032     0.734658   397.641
  56      0.425934   -0.011966    -1.530     0.583255   411.758
  57      0.392123   -0.033812    -2.599     0.868169   442.159
  58      0.389233   -0.002890    -1.654     0.622234   437.231
  59      0.371792   -0.017440        NA           NA        NA
  60      0.361270   -0.010522        NA           NA        NA
  61      0.331307   -0.029963        NA           NA        NA
  62      0.310111   -0.021196        NA           NA        NA
  63      0.292568   -0.017543        NA           NA        NA
  64      0.280707   -0.011861        NA           NA        NA
  65      0.275898   -0.004809        NA           NA        NA
  66      0.265682   -0.010215        NA           NA        NA
  67      0.216088   -0.049594        NA           NA        NA
    kurtosis           snps    indivs
 eigenvector    1     4.545     2.455
 eigenvector    2     3.196     1.761
population:   0                    1   34
population:   1                    2   23
population:   2                    3   11

## Average divergence between populations:
                    1          2          3     popsize
         1      1.093      1.014      1.195          34
         2      1.014      0.769      1.101          23
         3      1.195      1.101      1.138          11


number of blocks for moving block jackknife: 12
fst *1000:
          1     2     3 
   1      0    70    61
   2     70     0   123
   3     61   123     0

s.dev * 1000000:
          1     2     3 
   1      0  3349  4066
   2   3349     0  3876
   3   4066  3876     0

eigenvector 1:means
                   3     -0.122
                   1     -0.037
                   2      0.113
## Anova statistics for population differences along each eigenvector:
                                              p-value
                  eigenvector_1_overall_   1.10262e-10 +++
                    3 minv:    -0.122                    2 maxv:     0.113
                      eigenvector_1_1_2_   3.27806e-09 +++
                      eigenvector_1_1_3_     0.0229784 
                      eigenvector_1_2_3_   1.08815e-09 +++
eigenvector 2:means
                   1     -0.064
                   3     -0.001
                   2      0.095
                  eigenvector_2_overall_   9.42152e-07 +++
                    1 minv:    -0.064                    2 maxv:     0.095
                      eigenvector_2_1_2_   1.32049e-07 +++
                      eigenvector_2_1_3_      0.100694 
                      eigenvector_2_2_3_    0.00848193 

## Statistical significance of differences beween populations:
                                pop1                  pop2      chisq          p-value   |pop1|   |pop2|
popdifference:                     1                     2        65.698   5.41793e-15      34      23
popdifference:                     1                     3         8.326     0.0155618      34      11
popdifference:                     2                     3        47.518   4.80304e-11      23      11

eigbestsnp    1              rs27351 18      3873933     4.856
eigbestsnp    1             rs316285 18     40010928     4.791
eigbestsnp    1             rs405867 18     51276713     4.698
eigbestsnp    1             rs405862 18     51276640     4.664
eigbestsnp    1             rs405840 18     51275379     4.632
eigbestsnp    1              rs44478 18      5209706     4.630
eigbestsnp    1             rs311631 18     39207980     4.618
eigbestsnp    1              rs76013 18      9653599     4.605
eigbestsnp    1             rs249730 18     31319406     4.585
eigbestsnp    1             rs249731 18     31319407     4.585
eigbestsnp    1             rs249739 18     31322303     4.585
eigbestsnp    2             rs197002 18     23497041     4.810
eigbestsnp    2             rs116396 18     13864670     4.642
eigbestsnp    2             rs116399 18     13865126     4.642
eigbestsnp    2             rs116506 18     13888592     4.642
eigbestsnp    2             rs116523 18     13892861     4.642
eigbestsnp    2             rs444683 18     55405314     4.637
eigbestsnp    2             rs116453 18     13875109     4.589
eigbestsnp    2             rs237173 18     28714405     4.425
eigbestsnp    2             rs237176 18     28714703     4.425
eigbestsnp    2             rs110341 18     13258781     4.413
eigbestsnp    2             rs435578 18     54317580     4.397
packedancestrymap output
##end of smartpca run
