parameter file: example.pca.par
### THE INPUT PARAMETERS
##PARAMETER NAME: VALUE
genotypename: example.geno
snpname: example.snp
indivname: example.ind
evecoutname: example.pca.evec
evaloutname: example.eval
altnormstyle: NO
numoutevec: 2
numoutlieriter: 5
numoutlierevec: 10
outliersigmathresh: 6
qtmode: 0
phylipoutname: Yes
## smartpca version: 9003
norm used

Multicore implementation; using 8 threads (1 matrix block per side, 8 snp partitions)
trace:     16.813

## Tracy-Widom statistics: rows: 5  cols: 7
  #N    eigenvalue  difference    twstat      p-value effect. n
   1      3.056256          NA        NA           NA        NA
   2      0.595945   -2.460311        NA           NA        NA
   3      0.250968   -0.344977        NA           NA        NA
   4      0.096831   -0.154137        NA           NA        NA
    kurtosis           snps    indivs
 eigenvector    1     1.365     1.526
 eigenvector    2     1.678     2.206
population:   0                    1    2
population:   1                    2    3

## Average divergence between populations:
                    1          2     popsize
         1      0.857      3.214           2
         2      3.214      1.143           3


number of blocks for moving block jackknife: 1
fst *1000:
          1     2 
   1      0     0
   2      0     0

s.dev * 1000000:
          1     2 
   1      0     0
   2      0     0

eigenvector 1:means
                   2     -0.340
                   1      0.510
## Anova statistics for population differences along each eigenvector:
                                              p-value
                      eigenvector_1_1_2_     0.0215672 
eigenvector 2:means
                   2     -0.034
                   1      0.051
                      eigenvector_2_1_2_      0.882029 

## Statistical significance of differences beween populations:
                                pop1                  pop2      chisq          p-value   |pop1|   |pop2|
popdifference:                     1                     2        10.116     0.0063588       2       3

eigbestsnp    1               rs3333 11       300000     1.424
eigbestsnp    1               rs4444 11       400000     1.179
eigbestsnp    1               rs6666 11       600000     1.145
eigbestsnp    1               rs1111 11       100000     0.963
eigbestsnp    1               rs5555 11       500000     0.798
eigbestsnp    1               rs2222 11       200000     0.786
eigbestsnp    1               rs0000 11            0     0.299
eigbestsnp    1               rs0000 11            0    -1.000
eigbestsnp    1               rs0000 11            0    -1.000
eigbestsnp    1               rs0000 11            0    -1.000
eigbestsnp    1               rs0000 11            0    -1.000
eigbestsnp    2               rs1111 11       100000     1.514
eigbestsnp    2               rs0000 11            0     1.319
eigbestsnp    2               rs2222 11       200000     1.278
eigbestsnp    2               rs6666 11       600000     0.906
eigbestsnp    2               rs4444 11       400000     0.562
eigbestsnp    2               rs3333 11       300000     0.407
eigbestsnp    2               rs5555 11       500000     0.180
eigbestsnp    2               rs0000 11            0    -1.000
eigbestsnp    2               rs0000 11            0    -1.000
eigbestsnp    2               rs0000 11            0    -1.000
eigbestsnp    2               rs0000 11            0    -1.000
packedancestrymap output
##end of smartpca run
